-encoding
UTF-8
-outxml
-source
6
-target
6
-classpath
C:\Users\PC\.m2\repository\antlr\antlr\2.7.6\antlr-2.7.6.jar;C:\Users\PC\.m2\repository\aopalliance\aopalliance\1.0\aopalliance-1.0.jar;C:\Users\PC\.m2\repository\cglib\cglib-nodep\2.2.2\cglib-nodep-2.2.2.jar;C:\Users\PC\.m2\repository\commons-beanutils\commons-beanutils\1.8.3\commons-beanutils-1.8.3.jar;C:\Users\PC\.m2\repository\commons-codec\commons-codec\1.5\commons-codec-1.5.jar;C:\Users\PC\.m2\repository\commons-collections\commons-collections\3.2.1\commons-collections-3.2.1.jar;C:\Users\PC\.m2\repository\commons-dbcp\commons-dbcp\1.3\commons-dbcp-1.3.jar;C:\Users\PC\.m2\repository\commons-digester\commons-digester\2.1\commons-digester-2.1.jar;C:\Users\PC\.m2\repository\commons-fileupload\commons-fileupload\1.2.2\commons-fileupload-1.2.2.jar;C:\Users\PC\.m2\repository\commons-io\commons-io\2.4\commons-io-2.4.jar;C:\Users\PC\.m2\repository\commons-pool\commons-pool\1.5.6\commons-pool-1.5.6.jar;C:\Users\PC\.m2\repository\dom4j\dom4j\1.6.1\dom4j-1.6.1.jar;C:\Users\PC\.m2\repository\javassist\javassist\3.12.0.GA\javassist-3.12.0.GA.jar;C:\Users\PC\.m2\repository\javax\activation\activation\1.1.1\activation-1.1.1.jar;C:\Users\PC\.m2\repository\javax\el\el-api\1.0\el-api-1.0.jar;C:\Users\PC\.m2\repository\javax\mail\mail\1.4.1\mail-1.4.1.jar;C:\Users\PC\.m2\repository\javax\servlet\servlet-api\2.5\servlet-api-2.5.jar;C:\Users\PC\.m2\repository\javax\servlet\jsp\jsp-api\2.1\jsp-api-2.1.jar;C:\Users\PC\.m2\repository\javax\servlet\jsp\jstl\jstl-api\1.2\jstl-api-1.2.jar;C:\Users\PC\.m2\repository\javax\transaction\jta\1.1\jta-1.1.jar;C:\Users\PC\.m2\repository\javax\validation\validation-api\1.0.0.GA\validation-api-1.0.0.GA.jar;C:\Users\PC\.m2\repository\joda-time\joda-time\1.6\joda-time-1.6.jar;C:\Users\PC\.m2\repository\junit\junit\4.10\junit-4.10.jar;C:\Users\PC\.m2\repository\log4j\log4j\1.2.17\log4j-1.2.17.jar;C:\Users\PC\.m2\repository\mysql\mysql-connector-java\5.1.18\mysql-connector-java-5.1.18.jar;C:\Users\PC\.m2\repository\net\sf\flexjson\flexjson\2.1\flexjson-2.1.jar;C:\Users\PC\.m2\repository\org\apache\commons\commons-collections4\4.1\commons-collections4-4.1.jar;C:\Users\PC\.m2\repository\org\apache\commons\commons-lang3\3.1\commons-lang3-3.1.jar;C:\Users\PC\.m2\repository\org\apache\poi\poi\3.15\poi-3.15.jar;C:\Users\PC\.m2\repository\org\apache\tiles\tiles-api\2.2.2\tiles-api-2.2.2.jar;C:\Users\PC\.m2\repository\org\apache\tiles\tiles-core\2.2.2\tiles-core-2.2.2.jar;C:\Users\PC\.m2\repository\org\apache\tiles\tiles-jsp\2.2.2\tiles-jsp-2.2.2.jar;C:\Users\PC\.m2\repository\org\apache\tiles\tiles-servlet\2.2.2\tiles-servlet-2.2.2.jar;C:\Users\PC\.m2\repository\org\apache\tiles\tiles-template\2.2.2\tiles-template-2.2.2.jar;C:\Users\PC\.m2\repository\org\aspectj\aspectjrt\1.7.0.RC1\aspectjrt-1.7.0.RC1.jar;C:\Users\PC\.m2\repository\org\aspectj\aspectjweaver\1.7.0.RC1\aspectjweaver-1.7.0.RC1.jar;C:\Users\PC\.m2\repository\org\glassfish\web\jstl-impl\1.2\jstl-impl-1.2.jar;C:\Users\PC\.m2\repository\org\hibernate\hibernate-commons-annotations\3.2.0.Final\hibernate-commons-annotations-3.2.0.Final.jar;C:\Users\PC\.m2\repository\org\hibernate\hibernate-core\3.6.9.Final\hibernate-core-3.6.9.Final.jar;C:\Users\PC\.m2\repository\org\hibernate\hibernate-entitymanager\3.6.9.Final\hibernate-entitymanager-3.6.9.Final.jar;C:\Users\PC\.m2\repository\org\hibernate\hibernate-validator\4.2.0.Final\hibernate-validator-4.2.0.Final.jar;C:\Users\PC\.m2\repository\org\hibernate\javax\persistence\hibernate-jpa-2.0-api\1.0.1.Final\hibernate-jpa-2.0-api-1.0.1.Final.jar;C:\Users\PC\.m2\repository\org\slf4j\jcl-over-slf4j\1.6.4\jcl-over-slf4j-1.6.4.jar;C:\Users\PC\.m2\repository\org\slf4j\slf4j-api\1.6.4\slf4j-api-1.6.4.jar;C:\Users\PC\.m2\repository\org\slf4j\slf4j-log4j12\1.6.4\slf4j-log4j12-1.6.4.jar;C:\Users\PC\.m2\repository\org\springframework\spring-aop\3.1.1.RELEASE\spring-aop-3.1.1.RELEASE.jar;C:\Users\PC\.m2\repository\org\springframework\spring-asm\3.1.1.RELEASE\spring-asm-3.1.1.RELEASE.jar;C:\Users\PC\.m2\repository\org\springframework\spring-aspects\3.1.1.RELEASE\spring-aspects-3.1.1.RELEASE.jar;C:\Users\PC\.m2\repository\org\springframework\spring-beans\3.1.1.RELEASE\spring-beans-3.1.1.RELEASE.jar;C:\Users\PC\.m2\repository\org\springframework\spring-context\3.1.1.RELEASE\spring-context-3.1.1.RELEASE.jar;C:\Users\PC\.m2\repository\org\springframework\spring-context-support\3.1.1.RELEASE\spring-context-support-3.1.1.RELEASE.jar;C:\Users\PC\.m2\repository\org\springframework\spring-core\3.1.1.RELEASE\spring-core-3.1.1.RELEASE.jar;C:\Users\PC\.m2\repository\org\springframework\spring-expression\3.1.1.RELEASE\spring-expression-3.1.1.RELEASE.jar;C:\Users\PC\.m2\repository\org\springframework\spring-jdbc\3.1.1.RELEASE\spring-jdbc-3.1.1.RELEASE.jar;C:\Users\PC\.m2\repository\org\springframework\spring-orm\3.1.1.RELEASE\spring-orm-3.1.1.RELEASE.jar;C:\Users\PC\.m2\repository\org\springframework\spring-test\3.1.1.RELEASE\spring-test-3.1.1.RELEASE.jar;C:\Users\PC\.m2\repository\org\springframework\spring-tx\3.1.1.RELEASE\spring-tx-3.1.1.RELEASE.jar;C:\Users\PC\.m2\repository\org\springframework\spring-web\3.1.1.RELEASE\spring-web-3.1.1.RELEASE.jar;C:\Users\PC\.m2\repository\org\springframework\spring-webmvc\3.1.1.RELEASE\spring-webmvc-3.1.1.RELEASE.jar;C:\Users\PC\.m2\repository\org\springframework\roo\org.springframework.roo.annotations\1.3.2.RELEASE\org.springframework.roo.annotations-1.3.2.RELEASE.jar;C:\Users\PC\.m2\repository\org\springframework\security\spring-security-acl\3.1.0.RELEASE\spring-security-acl-3.1.0.RELEASE.jar;C:\Users\PC\.m2\repository\org\springframework\security\spring-security-config\3.1.0.RELEASE\spring-security-config-3.1.0.RELEASE.jar;C:\Users\PC\.m2\repository\org\springframework\security\spring-security-core\3.1.0.RELEASE\spring-security-core-3.1.0.RELEASE.jar;C:\Users\PC\.m2\repository\org\springframework\security\spring-security-crypto\3.1.0.RELEASE\spring-security-crypto-3.1.0.RELEASE.jar;C:\Users\PC\.m2\repository\org\springframework\security\spring-security-taglibs\3.1.0.RELEASE\spring-security-taglibs-3.1.0.RELEASE.jar;C:\Users\PC\.m2\repository\org\springframework\security\spring-security-web\3.1.0.RELEASE\spring-security-web-3.1.0.RELEASE.jar;C:\Users\PC\.m2\repository\org\springframework\webflow\spring-js-resources\2.2.1.RELEASE\spring-js-resources-2.2.1.RELEASE.jar;E:\set_work\cma\cmaRegis\target\classes
-aspectpath
C:\Users\PC\.m2\repository\org\springframework\spring-aspects\3.1.1.RELEASE\spring-aspects-3.1.1.RELEASE.jar
-d
E:\set_work\cma\cmaRegis\target\classes
E:\set_work\cma\cmaRegis\src\main\java\com\cma\UserRegisRole_Roo_Jpa_ActiveRecord.aj
E:\set_work\cma\cmaRegis\src\main\java\com\cma\web\UserroleController.java
E:\set_work\cma\cmaRegis\src\main\java\com\cma\MapStudent_Roo_ToString.aj
E:\set_work\cma\cmaRegis\src\main\java\com\cma\Education_profile_Roo_Jpa_Entity.aj
E:\set_work\cma\cmaRegis\src\main\java\com\cma\Course_Roo_Configurable.aj
E:\set_work\cma\cmaRegis\src\main\java\com\cma\Student_Roo_ToString.aj
E:\set_work\cma\cmaRegis\src\main\java\com\cma\AttachFile_Roo_JavaBean.aj
E:\set_work\cma\cmaRegis\src\main\java\com\cma\web\Std_profile_part5.java
E:\set_work\cma\cmaRegis\src\main\java\com\cma\common\YearDropdown.java
E:\set_work\cma\cmaRegis\src\main\java\com\cma\Batch_Roo_ToString.aj
E:\set_work\cma\cmaRegis\src\main\java\com\cma\UserWebRole.java
E:\set_work\cma\cmaRegis\src\main\java\com\cma\common\MonthDropdown.java
E:\set_work\cma\cmaRegis\src\main\java\com\cma\UserRegis_Roo_Jpa_ActiveRecord.aj
E:\set_work\cma\cmaRegis\src\main\java\com\cma\web\Children_profileController.java
E:\set_work\cma\cmaRegis\src\main\java\com\cma\web\Std_profile_part4.java
E:\set_work\cma\cmaRegis\src\main\java\com\cma\Education_profile_Roo_Jpa_ActiveRecord.aj
E:\set_work\cma\cmaRegis\src\main\java\com\cma\UserWebRole_Roo_Configurable.aj
E:\set_work\cma\cmaRegis\src\main\java\com\cma\web\Training_profileController.java
E:\set_work\cma\cmaRegis\src\main\java\com\cma\web\ApplicationConversionServiceFactoryBean_Roo_ConversionService.aj
E:\set_work\cma\cmaRegis\src\main\java\com\cma\Training_profile_Roo_Jpa_ActiveRecord.aj
E:\set_work\cma\cmaRegis\src\main\java\com\cma\UserWebRole_Roo_ToString.aj
E:\set_work\cma\cmaRegis\src\main\java\com\cma\web\AttachFileController.java
E:\set_work\cma\cmaRegis\src\main\java\com\cma\web\Education_profileController.java
E:\set_work\cma\cmaRegis\src\main\java\com\cma\WebRole_Roo_Jpa_ActiveRecord.aj
E:\set_work\cma\cmaRegis\src\main\java\com\cma\Education_profile_Roo_Configurable.aj
E:\set_work\cma\cmaRegis\src\main\java\com\cma\UserWeb.java
E:\set_work\cma\cmaRegis\src\main\java\com\cma\web\UserloginController.java
E:\set_work\cma\cmaRegis\src\main\java\com\cma\UserRegis_Roo_ToString.aj
E:\set_work\cma\cmaRegis\src\main\java\com\cma\Training_profile_Roo_Jpa_Entity.aj
E:\set_work\cma\cmaRegis\src\main\java\com\cma\UserRegisRole_Roo_Jpa_Entity.aj
E:\set_work\cma\cmaRegis\src\main\java\com\cma\UserRegis_Roo_Jpa_Entity.aj
E:\set_work\cma\cmaRegis\src\main\java\com\cma\MapStudent_Roo_Jpa_ActiveRecord.aj
E:\set_work\cma\cmaRegis\src\main\java\com\cma\Children_profile_Roo_Configurable.aj
E:\set_work\cma\cmaRegis\src\main\java\com\cma\AttachFile.java
E:\set_work\cma\cmaRegis\src\main\java\com\cma\web\MediaUploadController.java
E:\set_work\cma\cmaRegis\src\main\java\com\cma\WebRole_Roo_Jpa_Entity.aj
E:\set_work\cma\cmaRegis\src\main\java\com\cma\Batch_Roo_Configurable.aj
E:\set_work\cma\cmaRegis\src\main\java\com\cma\UserRegis_Roo_JavaBean.aj
E:\set_work\cma\cmaRegis\src\main\java\com\cma\Education_profile_Roo_JavaBean.aj
E:\set_work\cma\cmaRegis\src\main\java\com\cma\Course.java
E:\set_work\cma\cmaRegis\src\main\java\com\cma\MediaUpload.java
E:\set_work\cma\cmaRegis\src\main\java\com\cma\StudentDataState.java
E:\set_work\cma\cmaRegis\src\main\java\com\cma\Training_profile.java
E:\set_work\cma\cmaRegis\src\main\java\com\cma\MapStudent_Roo_Jpa_Entity.aj
E:\set_work\cma\cmaRegis\src\main\java\com\cma\common\authenManager.java
E:\set_work\cma\cmaRegis\src\main\java\com\cma\UserWeb_Roo_Jpa_ActiveRecord.aj
E:\set_work\cma\cmaRegis\src\main\java\com\cma\Education_profile_Roo_ToString.aj
E:\set_work\cma\cmaRegis\src\main\java\com\cma\UserRegisRole_Roo_JavaBean.aj
E:\set_work\cma\cmaRegis\src\main\java\com\cma\UserWeb_Roo_ToString.aj
E:\set_work\cma\cmaRegis\src\main\java\com\cma\Children_profile_Roo_Jpa_ActiveRecord.aj
E:\set_work\cma\cmaRegis\src\main\java\com\cma\UserWebRole_Roo_Jpa_Entity.aj
E:\set_work\cma\cmaRegis\src\main\java\com\cma\Batch_Roo_JavaBean.aj
E:\set_work\cma\cmaRegis\src\main\java\com\cma\WebRole_Roo_Configurable.aj
E:\set_work\cma\cmaRegis\src\main\java\com\cma\MediaUpload_Roo_Configurable.aj
E:\set_work\cma\cmaRegis\src\main\java\com\cma\Course_Roo_Jpa_Entity.aj
E:\set_work\cma\cmaRegis\src\main\java\com\cma\Batch_Roo_Jpa_Entity.aj
E:\set_work\cma\cmaRegis\src\main\java\com\cma\Training_profile_Roo_JavaBean.aj
E:\set_work\cma\cmaRegis\src\main\java\com\cma\web\Std_classController.java
E:\set_work\cma\cmaRegis\src\main\java\com\cma\MediaUpload_Roo_JavaBean.aj
E:\set_work\cma\cmaRegis\src\main\java\com\cma\web\Std_profileController.java
E:\set_work\cma\cmaRegis\src\main\java\com\cma\Student_Roo_Jpa_Entity.aj
E:\set_work\cma\cmaRegis\src\main\java\com\cma\UserWeb_Roo_Jpa_Entity.aj
E:\set_work\cma\cmaRegis\src\main\java\com\cma\web\Std_profile_part2.java
E:\set_work\cma\cmaRegis\src\main\java\com\cma\MediaUpload_Roo_Jpa_ActiveRecord.aj
E:\set_work\cma\cmaRegis\src\main\java\com\cma\Education_profile.java
E:\set_work\cma\cmaRegis\src\main\java\com\cma\Batch.java
E:\set_work\cma\cmaRegis\src\main\java\com\cma\AttachFile_Roo_Configurable.aj
E:\set_work\cma\cmaRegis\src\main\java\com\cma\common\DayDropdown.java
E:\set_work\cma\cmaRegis\src\main\java\com\cma\Student_Roo_JavaBean.aj
E:\set_work\cma\cmaRegis\src\main\java\com\cma\WebRole_Roo_JavaBean.aj
E:\set_work\cma\cmaRegis\src\main\java\com\cma\web\Std_profile_part1.java
E:\set_work\cma\cmaRegis\src\main\java\com\cma\UserWebRole_Roo_JavaBean.aj
E:\set_work\cma\cmaRegis\src\main\java\com\cma\web\UserroleController_Roo_Controller.aj
E:\set_work\cma\cmaRegis\src\main\java\com\cma\AttachFile_Roo_ToString.aj
E:\set_work\cma\cmaRegis\src\main\java\com\cma\web\Std_profile_part3.java
E:\set_work\cma\cmaRegis\src\main\java\com\cma\UserRegisRole_Roo_ToString.aj
E:\set_work\cma\cmaRegis\src\main\java\com\cma\Course_Roo_ToString.aj
E:\set_work\cma\cmaRegis\src\main\java\com\cma\Student_Roo_Jpa_ActiveRecord.aj
E:\set_work\cma\cmaRegis\src\main\java\com\cma\common\Sexdropdown.java
E:\set_work\cma\cmaRegis\src\main\java\com\cma\web\ApplicationConversionServiceFactoryBean.java
E:\set_work\cma\cmaRegis\src\main\java\com\cma\Training_profile_Roo_ToString.aj
E:\set_work\cma\cmaRegis\src\main\java\com\cma\Children_profile.java
E:\set_work\cma\cmaRegis\src\main\java\com\cma\Training_profile_Roo_Configurable.aj
E:\set_work\cma\cmaRegis\src\main\java\com\cma\UserWebRole_Roo_Jpa_ActiveRecord.aj
E:\set_work\cma\cmaRegis\src\main\java\com\cma\Children_profile_Roo_Jpa_Entity.aj
E:\set_work\cma\cmaRegis\src\main\java\com\cma\UserRegisRole.java
E:\set_work\cma\cmaRegis\src\main\java\com\cma\WebRole.java
E:\set_work\cma\cmaRegis\src\main\java\com\cma\common\cmaUserDetailsService.java
E:\set_work\cma\cmaRegis\src\main\java\com\cma\common\EducationDegree.java
E:\set_work\cma\cmaRegis\src\main\java\com\cma\Course_Roo_JavaBean.aj
E:\set_work\cma\cmaRegis\src\main\java\com\cma\WebRole_Roo_ToString.aj
E:\set_work\cma\cmaRegis\src\main\java\com\cma\Student.java
E:\set_work\cma\cmaRegis\src\main\java\com\cma\UserRegis_Roo_Configurable.aj
E:\set_work\cma\cmaRegis\src\main\java\com\cma\UserRegisRole_Roo_Configurable.aj
E:\set_work\cma\cmaRegis\src\main\java\com\cma\MediaUpload_Roo_ToString.aj
E:\set_work\cma\cmaRegis\src\main\java\com\cma\Batch_Roo_Jpa_ActiveRecord.aj
E:\set_work\cma\cmaRegis\src\main\java\com\cma\AttachFile_Roo_Jpa_ActiveRecord.aj
E:\set_work\cma\cmaRegis\src\main\java\com\cma\Children_profile_Roo_ToString.aj
E:\set_work\cma\cmaRegis\src\main\java\com\cma\AttachFile_Roo_Jpa_Entity.aj
E:\set_work\cma\cmaRegis\src\main\java\com\cma\common\MailManager.java
E:\set_work\cma\cmaRegis\src\main\java\com\cma\Course_Roo_Jpa_ActiveRecord.aj
E:\set_work\cma\cmaRegis\src\main\java\com\cma\UserRegis.java
E:\set_work\cma\cmaRegis\src\main\java\com\cma\utils\StudentUtils.java
E:\set_work\cma\cmaRegis\src\main\java\com\cma\MapStudent_Roo_Configurable.aj
E:\set_work\cma\cmaRegis\src\main\java\com\cma\UserWeb_Roo_Configurable.aj
E:\set_work\cma\cmaRegis\src\main\java\com\cma\Children_profile_Roo_JavaBean.aj
E:\set_work\cma\cmaRegis\src\main\java\com\cma\MediaUpload_Roo_Jpa_Entity.aj
E:\set_work\cma\cmaRegis\src\main\java\com\cma\web\Constant.java
E:\set_work\cma\cmaRegis\src\main\java\com\cma\common\AuthenticationListener.java
E:\set_work\cma\cmaRegis\src\main\java\com\cma\Student_Roo_Configurable.aj
E:\set_work\cma\cmaRegis\src\main\java\com\cma\MapStudent_Roo_JavaBean.aj
E:\set_work\cma\cmaRegis\src\main\java\com\cma\UserWeb_Roo_JavaBean.aj
E:\set_work\cma\cmaRegis\src\main\java\com\cma\MapStudent.java
E:\set_work\cma\cmaRegis\src\main\java\com\cma\web\ExtraProfileList.java
